Aug 03, 2025 5:31:07 PM liquibase.changelog
INFO: Reading from board.DATABASECHANGELOG
Database is up to date, no changesets to execute
Aug 03, 2025 5:31:07 PM liquibase.changelog
INFO: Reading from board.DATABASECHANGELOG

UPDATE SUMMARY
Run:                          0
Previously run:               4
Filtered out:                 0
-------------------------------
Total change sets:            4

Aug 03, 2025 5:31:07 PM liquibase.util
INFO: UPDATE SUMMARY
Aug 03, 2025 5:31:07 PM liquibase.util
INFO: Run:                          0
Aug 03, 2025 5:31:07 PM liquibase.util
INFO: Previously run:               4
Aug 03, 2025 5:31:07 PM liquibase.util
INFO: Filtered out:                 0
Aug 03, 2025 5:31:07 PM liquibase.util
INFO: -------------------------------
Aug 03, 2025 5:31:07 PM liquibase.util
INFO: Total change sets:            4
Aug 03, 2025 5:31:07 PM liquibase.util
INFO: Update summary generated
Aug 03, 2025 5:31:07 PM liquibase.command
INFO: Command execution complete
